<?xml version="1.0" encoding="UTF-8"?>
<testng-results ignored="0" total="16" passed="16" failed="0" skipped="0">
  <reporter-output>
  </reporter-output>
  <suite started-at="2025-09-14T17:14:58 IST" name="Suite" finished-at="2025-09-14T17:17:57 IST" duration-ms="178492">
    <groups>
    </groups>
    <test started-at="2025-09-14T17:14:58 IST" name="Test" finished-at="2025-09-14T17:17:57 IST" duration-ms="178492">
      <class name="tests.LoginTest">
        <test-method is-config="true" signature="setUp(java.lang.String,java.lang.String)[pri:0, instance:tests.LoginTest@5398edd0]" started-at="2025-09-14T17:15:53 IST" name="setUp" finished-at="2025-09-14T17:15:57 IST" duration-ms="3171" status="PASS">
          <params>
            <param index="0">
              <value>
                <![CDATA[Windows]]>
              </value>
            </param>
            <param index="1">
              <value>
                <![CDATA[chrome]]>
              </value>
            </param>
          </params>
          <reporter-output>
          </reporter-output>
        </test-method> <!-- setUp -->
        <test-method signature="testLogin(java.util.Map)[pri:0, instance:tests.LoginTest@5398edd0]" started-at="2025-09-14T17:15:57 IST" name="testLogin" data-provider="loginData" finished-at="2025-09-14T17:16:02 IST" duration-ms="5780" status="PASS">
          <params>
            <param index="0">
              <value>
                <![CDATA[{=, password=users7@123, username=users7@gmail.com}]]>
              </value>
            </param>
          </params>
          <reporter-output>
          </reporter-output>
        </test-method> <!-- testLogin -->
        <test-method is-config="true" signature="tearDown()[pri:0, instance:tests.LoginTest@5398edd0]" started-at="2025-09-14T17:16:02 IST" name="tearDown" finished-at="2025-09-14T17:16:03 IST" duration-ms="296" status="PASS">
          <reporter-output>
          </reporter-output>
        </test-method> <!-- tearDown -->
        <test-method is-config="true" signature="setUp(java.lang.String,java.lang.String)[pri:0, instance:tests.LoginTest@5398edd0]" started-at="2025-09-14T17:16:03 IST" name="setUp" finished-at="2025-09-14T17:16:05 IST" duration-ms="2598" status="PASS">
          <params>
            <param index="0">
              <value>
                <![CDATA[Windows]]>
              </value>
            </param>
            <param index="1">
              <value>
                <![CDATA[chrome]]>
              </value>
            </param>
          </params>
          <reporter-output>
          </reporter-output>
        </test-method> <!-- setUp -->
        <test-method signature="testLogin(java.util.Map)[pri:0, instance:tests.LoginTest@5398edd0]" started-at="2025-09-14T17:16:05 IST" name="testLogin" data-provider="loginData" finished-at="2025-09-14T17:16:15 IST" duration-ms="9635" status="PASS">
          <params>
            <param index="0">
              <value>
                <![CDATA[{=, password=users10@123, username=users10@gmail.com}]]>
              </value>
            </param>
          </params>
          <reporter-output>
          </reporter-output>
        </test-method> <!-- testLogin -->
        <test-method is-config="true" signature="tearDown()[pri:0, instance:tests.LoginTest@5398edd0]" started-at="2025-09-14T17:16:15 IST" name="tearDown" finished-at="2025-09-14T17:16:15 IST" duration-ms="262" status="PASS">
          <reporter-output>
          </reporter-output>
        </test-method> <!-- tearDown -->
      </class> <!-- tests.LoginTest -->
      <class name="tests.SubscriptionTest">
        <test-method is-config="true" signature="setUp(java.lang.String,java.lang.String)[pri:0, instance:tests.SubscriptionTest@69f63d95]" started-at="2025-09-14T17:17:53 IST" name="setUp" finished-at="2025-09-14T17:17:56 IST" duration-ms="2860" status="PASS">
          <params>
            <param index="0">
              <value>
                <![CDATA[Windows]]>
              </value>
            </param>
            <param index="1">
              <value>
                <![CDATA[chrome]]>
              </value>
            </param>
          </params>
          <reporter-output>
          </reporter-output>
        </test-method> <!-- setUp -->
        <test-method signature="testSubscription()[pri:0, instance:tests.SubscriptionTest@69f63d95]" started-at="2025-09-14T17:17:56 IST" name="testSubscription" finished-at="2025-09-14T17:17:56 IST" duration-ms="521" status="PASS">
          <reporter-output>
          </reporter-output>
        </test-method> <!-- testSubscription -->
        <test-method is-config="true" signature="tearDown()[pri:0, instance:tests.SubscriptionTest@69f63d95]" started-at="2025-09-14T17:17:56 IST" name="tearDown" finished-at="2025-09-14T17:17:57 IST" duration-ms="214" status="PASS">
          <reporter-output>
          </reporter-output>
        </test-method> <!-- tearDown -->
      </class> <!-- tests.SubscriptionTest -->
      <class name="tests.LoginwithInvalidCredantials">
        <test-method is-config="true" signature="setUp(java.lang.String,java.lang.String)[pri:0, instance:tests.LoginwithInvalidCredantials@b5cc23a]" started-at="2025-09-14T17:16:15 IST" name="setUp" finished-at="2025-09-14T17:16:18 IST" duration-ms="3013" status="PASS">
          <params>
            <param index="0">
              <value>
                <![CDATA[Windows]]>
              </value>
            </param>
            <param index="1">
              <value>
                <![CDATA[chrome]]>
              </value>
            </param>
          </params>
          <reporter-output>
          </reporter-output>
        </test-method> <!-- setUp -->
        <test-method signature="testLoginWithInvalidData(java.lang.String,java.lang.String)[pri:0, instance:tests.LoginwithInvalidCredantials@b5cc23a]" started-at="2025-09-14T17:16:18 IST" name="testLoginWithInvalidData" finished-at="2025-09-14T17:16:20 IST" duration-ms="2177" status="PASS">
          <params>
            <param index="0">
              <value>
                <![CDATA[users2@gmail.com]]>
              </value>
            </param>
            <param index="1">
              <value>
                <![CDATA[usersname2]]>
              </value>
            </param>
          </params>
          <reporter-output>
          </reporter-output>
        </test-method> <!-- testLoginWithInvalidData -->
        <test-method is-config="true" signature="tearDown()[pri:0, instance:tests.LoginwithInvalidCredantials@b5cc23a]" started-at="2025-09-14T17:16:20 IST" name="tearDown" finished-at="2025-09-14T17:16:21 IST" duration-ms="328" status="PASS">
          <reporter-output>
          </reporter-output>
        </test-method> <!-- tearDown -->
      </class> <!-- tests.LoginwithInvalidCredantials -->
      <class name="tests.SignUpTest">
        <test-method is-config="true" signature="setUp(java.lang.String,java.lang.String)[pri:0, instance:tests.SignUpTest@21ec5d87]" started-at="2025-09-14T17:14:59 IST" name="setUp" finished-at="2025-09-14T17:15:08 IST" duration-ms="8822" status="PASS">
          <params>
            <param index="0">
              <value>
                <![CDATA[Windows]]>
              </value>
            </param>
            <param index="1">
              <value>
                <![CDATA[chrome]]>
              </value>
            </param>
          </params>
          <reporter-output>
          </reporter-output>
        </test-method> <!-- setUp -->
        <test-method signature="testUserRegistrationFlow(java.util.Map)[pri:0, instance:tests.SignUpTest@21ec5d87]" started-at="2025-09-14T17:15:08 IST" name="testUserRegistrationFlow" data-provider="signupData" finished-at="2025-09-14T17:15:21 IST" duration-ms="12516" status="PASS">
          <params>
            <param index="0">
              <value>
                <![CDATA[{lastName=Doe, country=India, year=2003, city=Kochi, address1=Addr1Line1, mobileNo=9999911111, title=Mr, zipcode=682001, firstName=John, password=pass@123, month=July, company=TestCompany, state=Kerala, day=3, email=users001@gmail.com, username=users001}]]>
              </value>
            </param>
          </params>
          <reporter-output>
          </reporter-output>
        </test-method> <!-- testUserRegistrationFlow -->
        <test-method is-config="true" signature="tearDown()[pri:0, instance:tests.SignUpTest@21ec5d87]" started-at="2025-09-14T17:15:21 IST" name="tearDown" finished-at="2025-09-14T17:15:21 IST" duration-ms="505" status="PASS">
          <reporter-output>
          </reporter-output>
        </test-method> <!-- tearDown -->
        <test-method is-config="true" signature="setUp(java.lang.String,java.lang.String)[pri:0, instance:tests.SignUpTest@21ec5d87]" started-at="2025-09-14T17:15:21 IST" name="setUp" finished-at="2025-09-14T17:15:24 IST" duration-ms="3156" status="PASS">
          <params>
            <param index="0">
              <value>
                <![CDATA[Windows]]>
              </value>
            </param>
            <param index="1">
              <value>
                <![CDATA[chrome]]>
              </value>
            </param>
          </params>
          <reporter-output>
          </reporter-output>
        </test-method> <!-- setUp -->
        <test-method signature="testUserRegistrationFlow(java.util.Map)[pri:0, instance:tests.SignUpTest@21ec5d87]" started-at="2025-09-14T17:15:24 IST" name="testUserRegistrationFlow" data-provider="signupData" finished-at="2025-09-14T17:15:36 IST" duration-ms="11758" status="PASS">
          <params>
            <param index="0">
              <value>
                <![CDATA[{lastName=Smith, country=India, year=1999, city=New Delhi, address1=Addr1Line2, mobileNo=8888822222, title=Mrs, zipcode=110001, firstName=Alice, password=pass@456, month=May, company=CompanyX, state=Delhi, day=10, email=users002@gmail.com, username=users002}]]>
              </value>
            </param>
          </params>
          <reporter-output>
          </reporter-output>
        </test-method> <!-- testUserRegistrationFlow -->
        <test-method is-config="true" signature="tearDown()[pri:0, instance:tests.SignUpTest@21ec5d87]" started-at="2025-09-14T17:15:36 IST" name="tearDown" finished-at="2025-09-14T17:15:36 IST" duration-ms="455" status="PASS">
          <reporter-output>
          </reporter-output>
        </test-method> <!-- tearDown -->
        <test-method is-config="true" signature="setUp(java.lang.String,java.lang.String)[pri:0, instance:tests.SignUpTest@21ec5d87]" started-at="2025-09-14T17:15:36 IST" name="setUp" finished-at="2025-09-14T17:15:40 IST" duration-ms="3139" status="PASS">
          <params>
            <param index="0">
              <value>
                <![CDATA[Windows]]>
              </value>
            </param>
            <param index="1">
              <value>
                <![CDATA[chrome]]>
              </value>
            </param>
          </params>
          <reporter-output>
          </reporter-output>
        </test-method> <!-- setUp -->
        <test-method signature="testUserRegistrationFlow(java.util.Map)[pri:0, instance:tests.SignUpTest@21ec5d87]" started-at="2025-09-14T17:15:40 IST" name="testUserRegistrationFlow" data-provider="signupData" finished-at="2025-09-14T17:15:53 IST" duration-ms="13114" status="PASS">
          <params>
            <param index="0">
              <value>
                <![CDATA[{lastName=Johnson, country=India, year=2001, city=Bangalore, address1=Addr1Line3, mobileNo=7777733333, title=Mr, zipcode=560001, firstName=Bob, password=pass@789, month=December, company=TechCorp, state=Karnataka, day=15, email=users003@gmail.com, username=users003}]]>
              </value>
            </param>
          </params>
          <reporter-output>
          </reporter-output>
        </test-method> <!-- testUserRegistrationFlow -->
        <test-method is-config="true" signature="tearDown()[pri:0, instance:tests.SignUpTest@21ec5d87]" started-at="2025-09-14T17:15:53 IST" name="tearDown" finished-at="2025-09-14T17:15:53 IST" duration-ms="618" status="PASS">
          <reporter-output>
          </reporter-output>
        </test-method> <!-- tearDown -->
      </class> <!-- tests.SignUpTest -->
      <class name="tests.logoutUserTest">
        <test-method is-config="true" signature="setUp(java.lang.String,java.lang.String)[pri:0, instance:tests.logoutUserTest@5cc5b667]" started-at="2025-09-14T17:16:21 IST" name="setUp" finished-at="2025-09-14T17:16:24 IST" duration-ms="3495" status="PASS">
          <params>
            <param index="0">
              <value>
                <![CDATA[Windows]]>
              </value>
            </param>
            <param index="1">
              <value>
                <![CDATA[chrome]]>
              </value>
            </param>
          </params>
          <reporter-output>
          </reporter-output>
        </test-method> <!-- setUp -->
        <test-method signature="logoutTest(java.lang.String,java.lang.String)[pri:0, instance:tests.logoutUserTest@5cc5b667]" started-at="2025-09-14T17:16:24 IST" name="logoutTest" finished-at="2025-09-14T17:16:29 IST" duration-ms="4638" status="PASS">
          <params>
            <param index="0">
              <value>
                <![CDATA[users9@gmail.com]]>
              </value>
            </param>
            <param index="1">
              <value>
                <![CDATA[users9@123]]>
              </value>
            </param>
          </params>
          <reporter-output>
          </reporter-output>
        </test-method> <!-- logoutTest -->
        <test-method is-config="true" signature="tearDown()[pri:0, instance:tests.logoutUserTest@5cc5b667]" started-at="2025-09-14T17:16:29 IST" name="tearDown" finished-at="2025-09-14T17:16:29 IST" duration-ms="248" status="PASS">
          <reporter-output>
          </reporter-output>
        </test-method> <!-- tearDown -->
      </class> <!-- tests.logoutUserTest -->
      <class name="tests.ProductDetailsTest">
        <test-method is-config="true" signature="setUp(java.lang.String,java.lang.String)[pri:0, instance:tests.ProductDetailsTest@6928f576]" started-at="2025-09-14T17:17:29 IST" name="setUp" finished-at="2025-09-14T17:17:33 IST" duration-ms="3701" status="PASS">
          <params>
            <param index="0">
              <value>
                <![CDATA[Windows]]>
              </value>
            </param>
            <param index="1">
              <value>
                <![CDATA[chrome]]>
              </value>
            </param>
          </params>
          <reporter-output>
          </reporter-output>
        </test-method> <!-- setUp -->
        <test-method signature="testProductTest()[pri:0, instance:tests.ProductDetailsTest@6928f576]" started-at="2025-09-14T17:17:33 IST" name="testProductTest" finished-at="2025-09-14T17:17:37 IST" duration-ms="4544" status="PASS">
          <reporter-output>
          </reporter-output>
        </test-method> <!-- testProductTest -->
        <test-method is-config="true" signature="tearDown()[pri:0, instance:tests.ProductDetailsTest@6928f576]" started-at="2025-09-14T17:17:37 IST" name="tearDown" finished-at="2025-09-14T17:17:37 IST" duration-ms="246" status="PASS">
          <reporter-output>
          </reporter-output>
        </test-method> <!-- tearDown -->
      </class> <!-- tests.ProductDetailsTest -->
      <class name="tests.SearchProductTest">
        <test-method is-config="true" signature="setUp(java.lang.String,java.lang.String)[pri:0, instance:tests.SearchProductTest@660e9100]" started-at="2025-09-14T17:17:37 IST" name="setUp" finished-at="2025-09-14T17:17:40 IST" duration-ms="2844" status="PASS">
          <params>
            <param index="0">
              <value>
                <![CDATA[Windows]]>
              </value>
            </param>
            <param index="1">
              <value>
                <![CDATA[chrome]]>
              </value>
            </param>
          </params>
          <reporter-output>
          </reporter-output>
        </test-method> <!-- setUp -->
        <test-method signature="testSearchProduct(java.lang.String)[pri:0, instance:tests.SearchProductTest@660e9100]" started-at="2025-09-14T17:17:40 IST" name="testSearchProduct" data-provider="searchProducts" finished-at="2025-09-14T17:17:45 IST" duration-ms="4508" status="PASS">
          <params>
            <param index="0">
              <value>
                <![CDATA[Jeans]]>
              </value>
            </param>
          </params>
          <reporter-output>
          </reporter-output>
        </test-method> <!-- testSearchProduct -->
        <test-method is-config="true" signature="tearDown()[pri:0, instance:tests.SearchProductTest@660e9100]" started-at="2025-09-14T17:17:45 IST" name="tearDown" finished-at="2025-09-14T17:17:45 IST" duration-ms="316" status="PASS">
          <reporter-output>
          </reporter-output>
        </test-method> <!-- tearDown -->
        <test-method is-config="true" signature="setUp(java.lang.String,java.lang.String)[pri:0, instance:tests.SearchProductTest@660e9100]" started-at="2025-09-14T17:17:45 IST" name="setUp" finished-at="2025-09-14T17:17:48 IST" duration-ms="2720" status="PASS">
          <params>
            <param index="0">
              <value>
                <![CDATA[Windows]]>
              </value>
            </param>
            <param index="1">
              <value>
                <![CDATA[chrome]]>
              </value>
            </param>
          </params>
          <reporter-output>
          </reporter-output>
        </test-method> <!-- setUp -->
        <test-method signature="testSearchProduct(java.lang.String)[pri:0, instance:tests.SearchProductTest@660e9100]" started-at="2025-09-14T17:17:48 IST" name="testSearchProduct" data-provider="searchProducts" finished-at="2025-09-14T17:17:53 IST" duration-ms="4833" status="PASS">
          <params>
            <param index="0">
              <value>
                <![CDATA[Cotton]]>
              </value>
            </param>
          </params>
          <reporter-output>
          </reporter-output>
        </test-method> <!-- testSearchProduct -->
        <test-method is-config="true" signature="tearDown()[pri:0, instance:tests.SearchProductTest@660e9100]" started-at="2025-09-14T17:17:53 IST" name="tearDown" finished-at="2025-09-14T17:17:53 IST" duration-ms="307" status="PASS">
          <reporter-output>
          </reporter-output>
        </test-method> <!-- tearDown -->
      </class> <!-- tests.SearchProductTest -->
      <class name="tests.TestCasesTest">
        <test-method is-config="true" signature="setUp(java.lang.String,java.lang.String)[pri:0, instance:tests.TestCasesTest@182f1e9a]" started-at="2025-09-14T17:17:24 IST" name="setUp" finished-at="2025-09-14T17:17:26 IST" duration-ms="1621" status="PASS">
          <params>
            <param index="0">
              <value>
                <![CDATA[Windows]]>
              </value>
            </param>
            <param index="1">
              <value>
                <![CDATA[chrome]]>
              </value>
            </param>
          </params>
          <reporter-output>
          </reporter-output>
        </test-method> <!-- setUp -->
        <test-method signature="testTestCases()[pri:0, instance:tests.TestCasesTest@182f1e9a]" started-at="2025-09-14T17:17:26 IST" name="testTestCases" finished-at="2025-09-14T17:17:29 IST" duration-ms="2708" status="PASS">
          <reporter-output>
          </reporter-output>
        </test-method> <!-- testTestCases -->
        <test-method is-config="true" signature="tearDown()[pri:0, instance:tests.TestCasesTest@182f1e9a]" started-at="2025-09-14T17:17:29 IST" name="tearDown" finished-at="2025-09-14T17:17:29 IST" duration-ms="325" status="PASS">
          <reporter-output>
          </reporter-output>
        </test-method> <!-- tearDown -->
      </class> <!-- tests.TestCasesTest -->
      <class name="tests.ContactUsTest">
        <test-method is-config="true" signature="setUp(java.lang.String,java.lang.String)[pri:0, instance:tests.ContactUsTest@758f4f03]" started-at="2025-09-14T17:16:34 IST" name="setUp" finished-at="2025-09-14T17:16:37 IST" duration-ms="2979" status="PASS">
          <params>
            <param index="0">
              <value>
                <![CDATA[Windows]]>
              </value>
            </param>
            <param index="1">
              <value>
                <![CDATA[chrome]]>
              </value>
            </param>
          </params>
          <reporter-output>
          </reporter-output>
        </test-method> <!-- setUp -->
        <test-method signature="testContactUs(java.lang.String,java.lang.String,java.lang.String,java.lang.String,java.lang.String)[pri:0, instance:tests.ContactUsTest@758f4f03]" started-at="2025-09-14T17:16:37 IST" name="testContactUs" data-provider="contactusData" finished-at="2025-09-14T17:16:46 IST" duration-ms="9018" status="PASS">
          <params>
            <param index="0">
              <value>
                <![CDATA[Anu]]>
              </value>
            </param>
            <param index="1">
              <value>
                <![CDATA[anu@gmail.com]]>
              </value>
            </param>
            <param index="2">
              <value>
                <![CDATA[Regarding Service]]>
              </value>
            </param>
            <param index="3">
              <value>
                <![CDATA[Packing should be improved]]>
              </value>
            </param>
            <param index="4">
              <value>
                <![CDATA[C:\Users\HP\OneDrive\Documents\msg.docx]]>
              </value>
            </param>
          </params>
          <reporter-output>
          </reporter-output>
        </test-method> <!-- testContactUs -->
        <test-method is-config="true" signature="tearDown()[pri:0, instance:tests.ContactUsTest@758f4f03]" started-at="2025-09-14T17:16:46 IST" name="tearDown" finished-at="2025-09-14T17:16:47 IST" duration-ms="557" status="PASS">
          <reporter-output>
          </reporter-output>
        </test-method> <!-- tearDown -->
        <test-method is-config="true" signature="setUp(java.lang.String,java.lang.String)[pri:0, instance:tests.ContactUsTest@758f4f03]" started-at="2025-09-14T17:16:47 IST" name="setUp" finished-at="2025-09-14T17:17:10 IST" duration-ms="23796" status="PASS">
          <params>
            <param index="0">
              <value>
                <![CDATA[Windows]]>
              </value>
            </param>
            <param index="1">
              <value>
                <![CDATA[chrome]]>
              </value>
            </param>
          </params>
          <reporter-output>
          </reporter-output>
        </test-method> <!-- setUp -->
        <test-method signature="testContactUs(java.lang.String,java.lang.String,java.lang.String,java.lang.String,java.lang.String)[pri:0, instance:tests.ContactUsTest@758f4f03]" started-at="2025-09-14T17:17:10 IST" name="testContactUs" data-provider="contactusData" finished-at="2025-09-14T17:17:17 IST" duration-ms="6291" status="PASS">
          <params>
            <param index="0">
              <value>
                <![CDATA[Ravi]]>
              </value>
            </param>
            <param index="1">
              <value>
                <![CDATA[ravi@yahoo.com]]>
              </value>
            </param>
            <param index="2">
              <value>
                <![CDATA[Payment Issue]]>
              </value>
            </param>
            <param index="3">
              <value>
                <![CDATA[Payment gateway failed]]>
              </value>
            </param>
            <param index="4">
              <value>
                <![CDATA[]]>
              </value>
            </param>
          </params>
          <reporter-output>
          </reporter-output>
        </test-method> <!-- testContactUs -->
        <test-method is-config="true" signature="tearDown()[pri:0, instance:tests.ContactUsTest@758f4f03]" started-at="2025-09-14T17:17:17 IST" name="tearDown" finished-at="2025-09-14T17:17:17 IST" duration-ms="249" status="PASS">
          <reporter-output>
          </reporter-output>
        </test-method> <!-- tearDown -->
        <test-method is-config="true" signature="setUp(java.lang.String,java.lang.String)[pri:0, instance:tests.ContactUsTest@758f4f03]" started-at="2025-09-14T17:17:17 IST" name="setUp" finished-at="2025-09-14T17:17:20 IST" duration-ms="3109" status="PASS">
          <params>
            <param index="0">
              <value>
                <![CDATA[Windows]]>
              </value>
            </param>
            <param index="1">
              <value>
                <![CDATA[chrome]]>
              </value>
            </param>
          </params>
          <reporter-output>
          </reporter-output>
        </test-method> <!-- setUp -->
        <test-method signature="testContactUs(java.lang.String,java.lang.String,java.lang.String,java.lang.String,java.lang.String)[pri:0, instance:tests.ContactUsTest@758f4f03]" started-at="2025-09-14T17:17:20 IST" name="testContactUs" data-provider="contactusData" finished-at="2025-09-14T17:17:24 IST" duration-ms="3881" status="PASS">
          <params>
            <param index="0">
              <value>
                <![CDATA[Meera]]>
              </value>
            </param>
            <param index="1">
              <value>
                <![CDATA[meera@hotmail.com]]>
              </value>
            </param>
            <param index="2">
              <value>
                <![CDATA[Delivery Delay]]>
              </value>
            </param>
            <param index="3">
              <value>
                <![CDATA[Delivery was delayed by 3 days]]>
              </value>
            </param>
            <param index="4">
              <value>
                <![CDATA[]]>
              </value>
            </param>
          </params>
          <reporter-output>
          </reporter-output>
        </test-method> <!-- testContactUs -->
        <test-method is-config="true" signature="tearDown()[pri:0, instance:tests.ContactUsTest@758f4f03]" started-at="2025-09-14T17:17:24 IST" name="tearDown" finished-at="2025-09-14T17:17:24 IST" duration-ms="259" status="PASS">
          <reporter-output>
          </reporter-output>
        </test-method> <!-- tearDown -->
      </class> <!-- tests.ContactUsTest -->
      <class name="tests.SignuptestExistingMail">
        <test-method is-config="true" signature="setUp(java.lang.String,java.lang.String)[pri:0, instance:tests.SignuptestExistingMail@61edc883]" started-at="2025-09-14T17:16:29 IST" name="setUp" finished-at="2025-09-14T17:16:32 IST" duration-ms="2497" status="PASS">
          <params>
            <param index="0">
              <value>
                <![CDATA[Windows]]>
              </value>
            </param>
            <param index="1">
              <value>
                <![CDATA[chrome]]>
              </value>
            </param>
          </params>
          <reporter-output>
          </reporter-output>
        </test-method> <!-- setUp -->
        <test-method signature="testWithExistingMail(java.lang.String,java.lang.String)[pri:0, instance:tests.SignuptestExistingMail@61edc883]" started-at="2025-09-14T17:16:32 IST" name="testWithExistingMail" finished-at="2025-09-14T17:16:34 IST" duration-ms="2219" status="PASS">
          <params>
            <param index="0">
              <value>
                <![CDATA[users9]]>
              </value>
            </param>
            <param index="1">
              <value>
                <![CDATA[users9@gmail.com]]>
              </value>
            </param>
          </params>
          <reporter-output>
          </reporter-output>
        </test-method> <!-- testWithExistingMail -->
        <test-method is-config="true" signature="tearDown()[pri:0, instance:tests.SignuptestExistingMail@61edc883]" started-at="2025-09-14T17:16:34 IST" name="tearDown" finished-at="2025-09-14T17:16:34 IST" duration-ms="286" status="PASS">
          <reporter-output>
          </reporter-output>
        </test-method> <!-- tearDown -->
      </class> <!-- tests.SignuptestExistingMail -->
    </test> <!-- Test -->
  </suite> <!-- Suite -->
</testng-results>
