<?xml version="1.0" encoding="UTF-8"?>
<!-- Generated by org.testng.reporters.JUnitXMLReporter -->
<testsuite ignored="0" hostname="DESKTOP-ATIUNEE" failures="0" tests="16" name="Test" time="178.492" errors="0" timestamp="2025-09-14T17:17:57 IST">
  <testcase classname="tests.SignUpTest" name="testUserRegistrationFlow" time="12.516"/>
  <testcase classname="tests.SignUpTest" name="testUserRegistrationFlow" time="11.758"/>
  <testcase classname="tests.SignUpTest" name="testUserRegistrationFlow" time="13.114"/>
  <testcase classname="tests.LoginTest" name="testLogin" time="5.78"/>
  <testcase classname="tests.LoginTest" name="testLogin" time="9.635"/>
  <testcase classname="tests.LoginwithInvalidCredantials" name="testLoginWithInvalidData" time="2.177"/>
  <testcase classname="tests.logoutUserTest" name="logoutTest" time="4.638"/>
  <testcase classname="tests.SignuptestExistingMail" name="testWithExistingMail" time="2.219"/>
  <testcase classname="tests.ContactUsTest" name="testContactUs" time="9.018"/>
  <testcase classname="tests.ContactUsTest" name="testContactUs" time="6.291"/>
  <testcase classname="tests.ContactUsTest" name="testContactUs" time="3.881"/>
  <testcase classname="tests.TestCasesTest" name="testTestCases" time="2.708"/>
  <testcase classname="tests.ProductDetailsTest" name="testProductTest" time="4.544"/>
  <testcase classname="tests.SearchProductTest" name="testSearchProduct" time="4.508"/>
  <testcase classname="tests.SearchProductTest" name="testSearchProduct" time="4.833"/>
  <testcase classname="tests.SubscriptionTest" name="testSubscription" time="0.521"/>
</testsuite> <!-- Test -->
