<?xml version="1.0" encoding="UTF-8"?>
<!-- Generated by org.testng.reporters.JUnitReportReporter -->
<testsuite hostname="DESKTOP-ATIUNEE" failures="0" tests="2" name="tests.AddProductsInCart" time="27.824" errors="0" timestamp="2025-11-28T18:00:53 IST" skipped="0">
  <testcase classname="tests.AddProductsInCart" name="testAddProductsInCart" time="14.084"/>
  <testcase classname="tests.AddProductsInCart" name="testAddProductsInCart" time="13.740"/>
</testsuite> <!-- tests.AddProductsInCart -->
